[24-Mar-2023 22:06:37 Europe/Berlin] Inicio de la aplicación...
[24-Mar-2023 22:06:37 Europe/Berlin] SessionController::validateSession()
[24-Mar-2023 22:06:37 Europe/Berlin] sessionController::getUserSessionData(): amillan
[24-Mar-2023 22:06:37 Europe/Berlin] sessionController::validateSession(): username:amillan - role: 2
[24-Mar-2023 22:06:37 Europe/Berlin] sessionController::getCurrentPage(): actualLink =>/navibus-web-app/supervisor/lapses, url => supervisor
[24-Mar-2023 22:06:37 Europe/Berlin] sessionController::isPublic(): currentURL => supervisor
[24-Mar-2023 22:06:37 Europe/Berlin] sessionController::getCurrentPage(): actualLink =>/navibus-web-app/supervisor/lapses, url => supervisor
[24-Mar-2023 22:06:37 Europe/Berlin] SessionController::validateSession() => autorizado, lo deja pasar
[24-Mar-2023 22:06:37 Europe/Berlin] sessionController::getUserSessionData(): amillan
[24-Mar-2023 22:06:37 Europe/Berlin] Supervisor::constructor() 
[24-Mar-2023 22:06:37 Europe/Berlin] Supervisor::lapses() 
[24-Mar-2023 22:06:37 Europe/Berlin] Supervisor::getUsers()
[24-Mar-2023 22:06:37 Europe/Berlin] Supervisor::getLapses()
[24-Mar-2023 22:06:37 Europe/Berlin] PHP Notice:  Undefined variable: tView in C:\xampp\htdocs\navibus-web-app\views\supervisor\sidebar.php on line 21
[24-Mar-2023 22:06:37 Europe/Berlin] PHP Fatal error:  Uncaught Error: Call to undefined method JoinLapsesTasksModel::getDescription() in C:\xampp\htdocs\navibus-web-app\views\supervisor\lapses.php:246
Stack trace:
#0 C:\xampp\htdocs\navibus-web-app\libs\view.php(18): require()
#1 C:\xampp\htdocs\navibus-web-app\controllers\supervisor.php(53): View->render('supervisor/laps...', Array)
#2 C:\xampp\htdocs\navibus-web-app\libs\app.php(78): Supervisor->lapses()
#3 C:\xampp\htdocs\navibus-web-app\index.php(38): App->__construct()
#4 {main}
  thrown in C:\xampp\htdocs\navibus-web-app\views\supervisor\lapses.php on line 246
